C51 COMPILER V9.60.7.0   LED                                                               08/11/2023 13:30:37 PAGE 1   


C51 COMPILER V9.60.7.0, COMPILATION OF MODULE LED
OBJECT MODULE PLACED IN .\Objects\led.obj
COMPILER INVOKED BY: C:\Keil_v5\C51\BIN\C51.EXE led.c OPTIMIZE(8,SPEED) BROWSE DEBUG OBJECTEXTEND PRINT(.\Listings\led.l
                    -st) TABS(2) OBJECT(.\Objects\led.obj)

line level    source

   1          //blink led p1
   2          
   3          #include<reg52.h>
   4          
   5          void ms_delay(unsigned int time);
   6          
   7          void main()
   8          {
   9   1        while(1)
  10   1        {
  11   2          P1 = 0xff; //on led
  12   2          ms_delay(1000); //delay 1s
  13   2          P1 = 0x00; // off led
  14   2          ms_delay(1000);
  15   2        }
  16   1        
  17   1      }
  18          
  19          void ms_delay(unsigned int time)
  20          {
  21   1        unsigned int i,j;
  22   1        for(i=0; i<time;i++) //time * 1 ms
  23   1          for(j=0;j<133;j++); // 1ms
  24   1      }


MODULE INFORMATION:   STATIC OVERLAYABLE
   CODE SIZE        =     54    ----
   CONSTANT SIZE    =   ----    ----
   XDATA SIZE       =   ----    ----
   PDATA SIZE       =   ----    ----
   DATA SIZE        =   ----    ----
   IDATA SIZE       =   ----    ----
   BIT SIZE         =   ----    ----
END OF MODULE INFORMATION.


C51 COMPILATION COMPLETE.  0 WARNING(S),  0 ERROR(S)
